<?xml version="1.0" encoding="UTF-8"?>
<testsuites name="search result page" time="298.561" tests="15" failures="0" errors="0">
   <testsuite name="search result page" tests="15" failures="0" errors="0" time="298.561" timestamp="2021-04-06 16:03:40" hostname="Lexoter - DESKTOP-IJBB9BE" id="Test Suites/search result page">
      <properties>
         <property name="deviceName" value=""/>
         <property name="devicePlatform" value=""/>
         <property name="logFolder" value="K:\\Work\\GitHub\\UpdatedOne\\find-search-ellipsis-test\\Reports\\20210406_160328\\search result page\\20210406_160328"/>
         <property name="logFiles" value="K:\\Work\\GitHub\\UpdatedOne\\find-search-ellipsis-test\\Reports\\20210406_160328\\search result page\\20210406_160328\\execution0.log"/>
         <property name="attachments" value=""/>
         <property name="hostName" value="Lexoter - DESKTOP-IJBB9BE"/>
         <property name="os" value="Windows 10 64bit"/>
         <property name="katalonVersion" value="7.7.0.205"/>
         <property name="browser" value="Chrome 89.0.4389.114"/>
         <property name="hostAddress" value="192.168.56.1"/>
         <property name="sessionId" value="84fa157cc0d9ea497fc68128f0e7301f"/>
         <property name="seleniumVersion" value="3.141.59"/>
         <property name="proxyInformation" value="ProxyInformation { proxyOption=NO_PROXY, proxyServerType=HTTP, username=, password=********, proxyServerAddress=, proxyServerPort=0, executionList=&quot;&quot;, isApplyToDesiredCapabilities=true }"/>
         <property name="platform" value="Windows 10"/>
      </properties>
      <testcase name="Test Cases/Custom Search Page/TEST CASE/TC_SEARCH_UI_001" time="20.359" classname="Test Cases/Custom Search Page/TEST CASE/TC_SEARCH_UI_001" status="PASSED">
         <system-out><![CDATA[2021-04-06 16:03:40 - [TEST_CASE][PASSED] - Test Cases/Custom Search Page/TEST CASE/TC_SEARCH_UI_001: Test Cases/Custom Search Page/TEST CASE/TC_SEARCH_UI_001

2021-04-06 16:03:40 - [TEST_STEP][PASSED] - callTestCase(findTestCase("Custom Search Page/UTILITIES/OPEN BROWSER"), [:], STOP_ON_FAILURE): Call Test Case 'Test Cases/Custom Search Page/UTILITIES/OPEN BROWSER' successfully

2021-04-06 16:03:40 - [TEST_CASE][PASSED] - Test Cases/Custom Search Page/UTILITIES/OPEN BROWSER: Test Cases/Custom Search Page/UTILITIES/OPEN BROWSER

2021-04-06 16:03:41 - [TEST_STEP][PASSED] - openBrowser("https://gdasandbox.test-arcadier.com"): Browser is opened with url: 'https://gdasandbox.test-arcadier.com'

2021-04-06 16:03:41 - [MESSAGE][INFO] - Starting 'Chrome' driver

2021-04-06 16:03:41 - [MESSAGE][INFO] - Action delay is set to 0 milliseconds

2021-04-06 16:03:54 - [MESSAGE][PASSED] - Browser is opened with url: 'https://gdasandbox.test-arcadier.com'

2021-04-06 16:03:54 - [TEST_STEP][PASSED] - maximizeWindow(): Current window maximized

2021-04-06 16:03:54 - [MESSAGE][PASSED] - Current window maximized

2021-04-06 16:03:54 - [MESSAGE][PASSED] - Call Test Case 'Test Cases/Custom Search Page/UTILITIES/OPEN BROWSER' successfully

2021-04-06 16:03:54 - [TEST_STEP][PASSED] - waitForElementVisible(findTestObject("Search Objects/Page_diagnostics/input_Molecular diagnostic_btn-find"), 0): Object 'Object Repository/Search Objects/Page_diagnostics/input_Molecular diagnostic_btn-find' is visible

2021-04-06 16:03:54 - [MESSAGE][WARNING] - Timeout '0' is invalid. Using default page load timeout: '30'

2021-04-06 16:03:56 - [MESSAGE][PASSED] - Object 'Object Repository/Search Objects/Page_diagnostics/input_Molecular diagnostic_btn-find' is visible

2021-04-06 16:03:56 - [TEST_STEP][PASSED] - verifyElementClickable(findTestObject("Search Objects/Page_diagnostics/input_Molecular diagnostic_btn-find")): Object 'Object Repository/Search Objects/Page_diagnostics/input_Molecular diagnostic_btn-find' is clickable

2021-04-06 16:03:56 - [MESSAGE][PASSED] - Object 'Object Repository/Search Objects/Page_diagnostics/input_Molecular diagnostic_btn-find' is clickable

2021-04-06 16:03:56 - [TEST_STEP][PASSED] - click(findTestObject("Search Objects/Page_diagnostics/input_Molecular diagnostic_btn-find")): Object: 'Object Repository/Search Objects/Page_diagnostics/input_Molecular diagnostic_btn-find' is clicked on

2021-04-06 16:03:59 - [MESSAGE][PASSED] - Object: 'Object Repository/Search Objects/Page_diagnostics/input_Molecular diagnostic_btn-find' is clicked on

2021-04-06 16:03:59 - [TEST_STEP][PASSED] - waitForElementVisible(findTestObject("Search Objects/Page_diagnostics/div_item_list"), 0): Object 'Object Repository/Search Objects/Page_diagnostics/div_item_list' is visible

2021-04-06 16:03:59 - [MESSAGE][WARNING] - Timeout '0' is invalid. Using default page load timeout: '30'

2021-04-06 16:04:00 - [MESSAGE][PASSED] - Object 'Object Repository/Search Objects/Page_diagnostics/div_item_list' is visible

2021-04-06 16:04:00 - [TEST_STEP][PASSED] - callTestCase(findTestCase("Custom Search Page/UTILITIES/CLOSE BROWSER"), [:], STOP_ON_FAILURE): Call Test Case 'Test Cases/Custom Search Page/UTILITIES/CLOSE BROWSER' successfully

2021-04-06 16:04:00 - [TEST_CASE][PASSED] - Test Cases/Custom Search Page/UTILITIES/CLOSE BROWSER: Test Cases/Custom Search Page/UTILITIES/CLOSE BROWSER

2021-04-06 16:04:00 - [TEST_STEP][PASSED] - closeBrowser(): Browser is closed

2021-04-06 16:04:00 - [MESSAGE][PASSED] - Browser is closed

2021-04-06 16:04:00 - [MESSAGE][PASSED] - Call Test Case 'Test Cases/Custom Search Page/UTILITIES/CLOSE BROWSER' successfully]]></system-out>
         <system-err><![CDATA[]]></system-err>
      </testcase>
      <testcase name="Test Cases/Custom Search Page/TEST CASE/TC_SEARCH_UI_002" time="17.912" classname="Test Cases/Custom Search Page/TEST CASE/TC_SEARCH_UI_002" status="PASSED">
         <system-out><![CDATA[2021-04-06 16:04:00 - [TEST_CASE][PASSED] - Test Cases/Custom Search Page/TEST CASE/TC_SEARCH_UI_002: Test Cases/Custom Search Page/TEST CASE/TC_SEARCH_UI_002

2021-04-06 16:04:01 - [TEST_STEP][PASSED] - callTestCase(findTestCase("Custom Search Page/UTILITIES/OPEN BROWSER"), [:], STOP_ON_FAILURE): Call Test Case 'Test Cases/Custom Search Page/UTILITIES/OPEN BROWSER' successfully

2021-04-06 16:04:01 - [TEST_CASE][PASSED] - Test Cases/Custom Search Page/UTILITIES/OPEN BROWSER: Test Cases/Custom Search Page/UTILITIES/OPEN BROWSER

2021-04-06 16:04:01 - [TEST_STEP][PASSED] - openBrowser("https://gdasandbox.test-arcadier.com"): Browser is opened with url: 'https://gdasandbox.test-arcadier.com'

2021-04-06 16:04:01 - [MESSAGE][INFO] - Starting 'Chrome' driver

2021-04-06 16:04:01 - [MESSAGE][INFO] - Action delay is set to 0 milliseconds

2021-04-06 16:04:13 - [MESSAGE][PASSED] - Browser is opened with url: 'https://gdasandbox.test-arcadier.com'

2021-04-06 16:04:13 - [TEST_STEP][PASSED] - maximizeWindow(): Current window maximized

2021-04-06 16:04:13 - [MESSAGE][PASSED] - Current window maximized

2021-04-06 16:04:13 - [MESSAGE][PASSED] - Call Test Case 'Test Cases/Custom Search Page/UTILITIES/OPEN BROWSER' successfully

2021-04-06 16:04:13 - [TEST_STEP][PASSED] - waitForElementVisible(findTestObject("Search Objects/Page_diagnostics/input_Molecular diagnostic_btn-find"), 0): Object 'Object Repository/Search Objects/Page_diagnostics/input_Molecular diagnostic_btn-find' is visible

2021-04-06 16:04:13 - [MESSAGE][WARNING] - Timeout '0' is invalid. Using default page load timeout: '30'

2021-04-06 16:04:14 - [MESSAGE][PASSED] - Object 'Object Repository/Search Objects/Page_diagnostics/input_Molecular diagnostic_btn-find' is visible

2021-04-06 16:04:14 - [TEST_STEP][PASSED] - verifyElementClickable(findTestObject("Search Objects/Page_diagnostics/input_Molecular diagnostic_btn-find")): Object 'Object Repository/Search Objects/Page_diagnostics/input_Molecular diagnostic_btn-find' is clickable

2021-04-06 16:04:15 - [MESSAGE][PASSED] - Object 'Object Repository/Search Objects/Page_diagnostics/input_Molecular diagnostic_btn-find' is clickable

2021-04-06 16:04:15 - [TEST_STEP][PASSED] - click(findTestObject("Search Objects/Page_diagnostics/input_Molecular diagnostic_btn-find")): Object: 'Object Repository/Search Objects/Page_diagnostics/input_Molecular diagnostic_btn-find' is clicked on

2021-04-06 16:04:17 - [MESSAGE][PASSED] - Object: 'Object Repository/Search Objects/Page_diagnostics/input_Molecular diagnostic_btn-find' is clicked on

2021-04-06 16:04:17 - [TEST_STEP][PASSED] - waitForElementVisible(findTestObject("Search Objects/Page_diagnostics/div_filter-collection"), 0): Object 'Object Repository/Search Objects/Page_diagnostics/div_filter-collection' is visible

2021-04-06 16:04:17 - [MESSAGE][WARNING] - Timeout '0' is invalid. Using default page load timeout: '30'

2021-04-06 16:04:18 - [MESSAGE][PASSED] - Object 'Object Repository/Search Objects/Page_diagnostics/div_filter-collection' is visible

2021-04-06 16:04:18 - [TEST_STEP][PASSED] - callTestCase(findTestCase("Custom Search Page/UTILITIES/CLOSE BROWSER"), [:], STOP_ON_FAILURE): Call Test Case 'Test Cases/Custom Search Page/UTILITIES/CLOSE BROWSER' successfully

2021-04-06 16:04:18 - [TEST_CASE][PASSED] - Test Cases/Custom Search Page/UTILITIES/CLOSE BROWSER: Test Cases/Custom Search Page/UTILITIES/CLOSE BROWSER

2021-04-06 16:04:18 - [TEST_STEP][PASSED] - closeBrowser(): Browser is closed

2021-04-06 16:04:18 - [MESSAGE][PASSED] - Browser is closed

2021-04-06 16:04:18 - [MESSAGE][PASSED] - Call Test Case 'Test Cases/Custom Search Page/UTILITIES/CLOSE BROWSER' successfully]]></system-out>
         <system-err><![CDATA[]]></system-err>
      </testcase>
      <testcase name="Test Cases/Custom Search Page/TEST CASE/TC_SEARCH_UI_003" time="16.002" classname="Test Cases/Custom Search Page/TEST CASE/TC_SEARCH_UI_003" status="PASSED">
         <system-out><![CDATA[2021-04-06 16:04:18 - [TEST_CASE][PASSED] - Test Cases/Custom Search Page/TEST CASE/TC_SEARCH_UI_003: Test Cases/Custom Search Page/TEST CASE/TC_SEARCH_UI_003

2021-04-06 16:04:19 - [TEST_STEP][PASSED] - callTestCase(findTestCase("Custom Search Page/UTILITIES/OPEN BROWSER"), [:], STOP_ON_FAILURE): Call Test Case 'Test Cases/Custom Search Page/UTILITIES/OPEN BROWSER' successfully

2021-04-06 16:04:19 - [TEST_CASE][PASSED] - Test Cases/Custom Search Page/UTILITIES/OPEN BROWSER: Test Cases/Custom Search Page/UTILITIES/OPEN BROWSER

2021-04-06 16:04:19 - [TEST_STEP][PASSED] - openBrowser("https://gdasandbox.test-arcadier.com"): Browser is opened with url: 'https://gdasandbox.test-arcadier.com'

2021-04-06 16:04:19 - [MESSAGE][INFO] - Starting 'Chrome' driver

2021-04-06 16:04:19 - [MESSAGE][INFO] - Action delay is set to 0 milliseconds

2021-04-06 16:04:29 - [MESSAGE][PASSED] - Browser is opened with url: 'https://gdasandbox.test-arcadier.com'

2021-04-06 16:04:29 - [TEST_STEP][PASSED] - maximizeWindow(): Current window maximized

2021-04-06 16:04:29 - [MESSAGE][PASSED] - Current window maximized

2021-04-06 16:04:29 - [MESSAGE][PASSED] - Call Test Case 'Test Cases/Custom Search Page/UTILITIES/OPEN BROWSER' successfully

2021-04-06 16:04:29 - [TEST_STEP][PASSED] - waitForElementVisible(findTestObject("Search Objects/Page_diagnostics/input_Molecular diagnostic_btn-find"), 0): Object 'Object Repository/Search Objects/Page_diagnostics/input_Molecular diagnostic_btn-find' is visible

2021-04-06 16:04:29 - [MESSAGE][WARNING] - Timeout '0' is invalid. Using default page load timeout: '30'

2021-04-06 16:04:30 - [MESSAGE][PASSED] - Object 'Object Repository/Search Objects/Page_diagnostics/input_Molecular diagnostic_btn-find' is visible

2021-04-06 16:04:30 - [TEST_STEP][PASSED] - verifyElementClickable(findTestObject("Search Objects/Page_diagnostics/input_Molecular diagnostic_btn-find")): Object 'Object Repository/Search Objects/Page_diagnostics/input_Molecular diagnostic_btn-find' is clickable

2021-04-06 16:04:31 - [MESSAGE][PASSED] - Object 'Object Repository/Search Objects/Page_diagnostics/input_Molecular diagnostic_btn-find' is clickable

2021-04-06 16:04:31 - [TEST_STEP][PASSED] - click(findTestObject("Search Objects/Page_diagnostics/input_Molecular diagnostic_btn-find")): Object: 'Object Repository/Search Objects/Page_diagnostics/input_Molecular diagnostic_btn-find' is clicked on

2021-04-06 16:04:33 - [MESSAGE][PASSED] - Object: 'Object Repository/Search Objects/Page_diagnostics/input_Molecular diagnostic_btn-find' is clicked on

2021-04-06 16:04:33 - [TEST_STEP][PASSED] - waitForElementVisible(findTestObject("Search Objects/Page_diagnostics/div_items_found"), 0): Object 'Object Repository/Search Objects/Page_diagnostics/div_items_found' is visible

2021-04-06 16:04:33 - [MESSAGE][WARNING] - Timeout '0' is invalid. Using default page load timeout: '30'

2021-04-06 16:04:34 - [MESSAGE][PASSED] - Object 'Object Repository/Search Objects/Page_diagnostics/div_items_found' is visible

2021-04-06 16:04:34 - [TEST_STEP][PASSED] - callTestCase(findTestCase("Custom Search Page/UTILITIES/CLOSE BROWSER"), [:], STOP_ON_FAILURE): Call Test Case 'Test Cases/Custom Search Page/UTILITIES/CLOSE BROWSER' successfully

2021-04-06 16:04:34 - [TEST_CASE][PASSED] - Test Cases/Custom Search Page/UTILITIES/CLOSE BROWSER: Test Cases/Custom Search Page/UTILITIES/CLOSE BROWSER

2021-04-06 16:04:34 - [TEST_STEP][PASSED] - closeBrowser(): Browser is closed

2021-04-06 16:04:34 - [MESSAGE][PASSED] - Browser is closed

2021-04-06 16:04:34 - [MESSAGE][PASSED] - Call Test Case 'Test Cases/Custom Search Page/UTILITIES/CLOSE BROWSER' successfully]]></system-out>
         <system-err><![CDATA[]]></system-err>
      </testcase>
      <testcase name="Test Cases/Custom Search Page/TEST CASE/TC_SEARCH_UI_004" time="17.708" classname="Test Cases/Custom Search Page/TEST CASE/TC_SEARCH_UI_004" status="PASSED">
         <system-out><![CDATA[2021-04-06 16:04:34 - [TEST_CASE][PASSED] - Test Cases/Custom Search Page/TEST CASE/TC_SEARCH_UI_004: Test Cases/Custom Search Page/TEST CASE/TC_SEARCH_UI_004

2021-04-06 16:04:35 - [TEST_STEP][PASSED] - callTestCase(findTestCase("Custom Search Page/UTILITIES/OPEN BROWSER"), [:], STOP_ON_FAILURE): Call Test Case 'Test Cases/Custom Search Page/UTILITIES/OPEN BROWSER' successfully

2021-04-06 16:04:35 - [TEST_CASE][PASSED] - Test Cases/Custom Search Page/UTILITIES/OPEN BROWSER: Test Cases/Custom Search Page/UTILITIES/OPEN BROWSER

2021-04-06 16:04:35 - [TEST_STEP][PASSED] - openBrowser("https://gdasandbox.test-arcadier.com"): Browser is opened with url: 'https://gdasandbox.test-arcadier.com'

2021-04-06 16:04:35 - [MESSAGE][INFO] - Starting 'Chrome' driver

2021-04-06 16:04:35 - [MESSAGE][INFO] - Action delay is set to 0 milliseconds

2021-04-06 16:04:46 - [MESSAGE][PASSED] - Browser is opened with url: 'https://gdasandbox.test-arcadier.com'

2021-04-06 16:04:46 - [TEST_STEP][PASSED] - maximizeWindow(): Current window maximized

2021-04-06 16:04:46 - [MESSAGE][PASSED] - Current window maximized

2021-04-06 16:04:46 - [MESSAGE][PASSED] - Call Test Case 'Test Cases/Custom Search Page/UTILITIES/OPEN BROWSER' successfully

2021-04-06 16:04:46 - [TEST_STEP][PASSED] - waitForElementVisible(findTestObject("Search Objects/Page_diagnostics/input_Molecular diagnostic_btn-find"), 0): Object 'Object Repository/Search Objects/Page_diagnostics/input_Molecular diagnostic_btn-find' is visible

2021-04-06 16:04:47 - [MESSAGE][WARNING] - Timeout '0' is invalid. Using default page load timeout: '30'

2021-04-06 16:04:48 - [MESSAGE][PASSED] - Object 'Object Repository/Search Objects/Page_diagnostics/input_Molecular diagnostic_btn-find' is visible

2021-04-06 16:04:48 - [TEST_STEP][PASSED] - verifyElementClickable(findTestObject("Search Objects/Page_diagnostics/input_Molecular diagnostic_btn-find")): Object 'Object Repository/Search Objects/Page_diagnostics/input_Molecular diagnostic_btn-find' is clickable

2021-04-06 16:04:49 - [MESSAGE][PASSED] - Object 'Object Repository/Search Objects/Page_diagnostics/input_Molecular diagnostic_btn-find' is clickable

2021-04-06 16:04:49 - [TEST_STEP][PASSED] - click(findTestObject("Search Objects/Page_diagnostics/input_Molecular diagnostic_btn-find")): Object: 'Object Repository/Search Objects/Page_diagnostics/input_Molecular diagnostic_btn-find' is clicked on

2021-04-06 16:04:50 - [MESSAGE][PASSED] - Object: 'Object Repository/Search Objects/Page_diagnostics/input_Molecular diagnostic_btn-find' is clicked on

2021-04-06 16:04:50 - [TEST_STEP][PASSED] - waitForElementVisible(findTestObject("Search Objects/Page_diagnostics/input_Searchbar"), 0): Object 'Object Repository/Search Objects/Page_diagnostics/input_Searchbar' is visible

2021-04-06 16:04:50 - [MESSAGE][WARNING] - Timeout '0' is invalid. Using default page load timeout: '30'

2021-04-06 16:04:51 - [MESSAGE][PASSED] - Object 'Object Repository/Search Objects/Page_diagnostics/input_Searchbar' is visible

2021-04-06 16:04:51 - [TEST_STEP][PASSED] - callTestCase(findTestCase("Custom Search Page/UTILITIES/CLOSE BROWSER"), [:], STOP_ON_FAILURE): Call Test Case 'Test Cases/Custom Search Page/UTILITIES/CLOSE BROWSER' successfully

2021-04-06 16:04:51 - [TEST_CASE][PASSED] - Test Cases/Custom Search Page/UTILITIES/CLOSE BROWSER: Test Cases/Custom Search Page/UTILITIES/CLOSE BROWSER

2021-04-06 16:04:51 - [TEST_STEP][PASSED] - closeBrowser(): Browser is closed

2021-04-06 16:04:52 - [MESSAGE][PASSED] - Browser is closed

2021-04-06 16:04:52 - [MESSAGE][PASSED] - Call Test Case 'Test Cases/Custom Search Page/UTILITIES/CLOSE BROWSER' successfully]]></system-out>
         <system-err><![CDATA[]]></system-err>
      </testcase>
      <testcase name="Test Cases/Custom Search Page/TEST CASE/TC_SEARCH_UI_005" time="18.373" classname="Test Cases/Custom Search Page/TEST CASE/TC_SEARCH_UI_005" status="PASSED">
         <system-out><![CDATA[2021-04-06 16:04:52 - [TEST_CASE][PASSED] - Test Cases/Custom Search Page/TEST CASE/TC_SEARCH_UI_005: Test Cases/Custom Search Page/TEST CASE/TC_SEARCH_UI_005

2021-04-06 16:04:52 - [TEST_STEP][PASSED] - callTestCase(findTestCase("Custom Search Page/UTILITIES/OPEN BROWSER"), [:], STOP_ON_FAILURE): Call Test Case 'Test Cases/Custom Search Page/UTILITIES/OPEN BROWSER' successfully

2021-04-06 16:04:52 - [TEST_CASE][PASSED] - Test Cases/Custom Search Page/UTILITIES/OPEN BROWSER: Test Cases/Custom Search Page/UTILITIES/OPEN BROWSER

2021-04-06 16:04:52 - [TEST_STEP][PASSED] - openBrowser("https://gdasandbox.test-arcadier.com"): Browser is opened with url: 'https://gdasandbox.test-arcadier.com'

2021-04-06 16:04:52 - [MESSAGE][INFO] - Starting 'Chrome' driver

2021-04-06 16:04:52 - [MESSAGE][INFO] - Action delay is set to 0 milliseconds

2021-04-06 16:05:05 - [MESSAGE][PASSED] - Browser is opened with url: 'https://gdasandbox.test-arcadier.com'

2021-04-06 16:05:05 - [TEST_STEP][PASSED] - maximizeWindow(): Current window maximized

2021-04-06 16:05:05 - [MESSAGE][PASSED] - Current window maximized

2021-04-06 16:05:05 - [MESSAGE][PASSED] - Call Test Case 'Test Cases/Custom Search Page/UTILITIES/OPEN BROWSER' successfully

2021-04-06 16:05:05 - [TEST_STEP][PASSED] - waitForElementVisible(findTestObject("Search Objects/Page_diagnostics/input_Molecular diagnostic_btn-find"), 0): Object 'Object Repository/Search Objects/Page_diagnostics/input_Molecular diagnostic_btn-find' is visible

2021-04-06 16:05:05 - [MESSAGE][WARNING] - Timeout '0' is invalid. Using default page load timeout: '30'

2021-04-06 16:05:06 - [MESSAGE][PASSED] - Object 'Object Repository/Search Objects/Page_diagnostics/input_Molecular diagnostic_btn-find' is visible

2021-04-06 16:05:06 - [TEST_STEP][PASSED] - verifyElementClickable(findTestObject("Search Objects/Page_diagnostics/input_Molecular diagnostic_btn-find")): Object 'Object Repository/Search Objects/Page_diagnostics/input_Molecular diagnostic_btn-find' is clickable

2021-04-06 16:05:07 - [MESSAGE][PASSED] - Object 'Object Repository/Search Objects/Page_diagnostics/input_Molecular diagnostic_btn-find' is clickable

2021-04-06 16:05:07 - [TEST_STEP][PASSED] - click(findTestObject("Search Objects/Page_diagnostics/input_Molecular diagnostic_btn-find")): Object: 'Object Repository/Search Objects/Page_diagnostics/input_Molecular diagnostic_btn-find' is clicked on

2021-04-06 16:05:09 - [MESSAGE][PASSED] - Object: 'Object Repository/Search Objects/Page_diagnostics/input_Molecular diagnostic_btn-find' is clicked on

2021-04-06 16:05:09 - [TEST_STEP][PASSED] - waitForElementVisible(findTestObject("Search Objects/Page_diagnostics/Range_Slider"), 0): Object 'Object Repository/Search Objects/Page_diagnostics/Range_Slider' is visible

2021-04-06 16:05:09 - [MESSAGE][WARNING] - Timeout '0' is invalid. Using default page load timeout: '30'

2021-04-06 16:05:10 - [MESSAGE][PASSED] - Object 'Object Repository/Search Objects/Page_diagnostics/Range_Slider' is visible

2021-04-06 16:05:10 - [TEST_STEP][PASSED] - callTestCase(findTestCase("Custom Search Page/UTILITIES/CLOSE BROWSER"), [:], STOP_ON_FAILURE): Call Test Case 'Test Cases/Custom Search Page/UTILITIES/CLOSE BROWSER' successfully

2021-04-06 16:05:10 - [TEST_CASE][PASSED] - Test Cases/Custom Search Page/UTILITIES/CLOSE BROWSER: Test Cases/Custom Search Page/UTILITIES/CLOSE BROWSER

2021-04-06 16:05:10 - [TEST_STEP][PASSED] - closeBrowser(): Browser is closed

2021-04-06 16:05:10 - [MESSAGE][PASSED] - Browser is closed

2021-04-06 16:05:10 - [MESSAGE][PASSED] - Call Test Case 'Test Cases/Custom Search Page/UTILITIES/CLOSE BROWSER' successfully]]></system-out>
         <system-err><![CDATA[]]></system-err>
      </testcase>
      <testcase name="Test Cases/Custom Search Page/TEST CASE/TC_SEARCH_UI_006" time="17.738" classname="Test Cases/Custom Search Page/TEST CASE/TC_SEARCH_UI_006" status="PASSED">
         <system-out><![CDATA[2021-04-06 16:05:10 - [TEST_CASE][PASSED] - Test Cases/Custom Search Page/TEST CASE/TC_SEARCH_UI_006: Test Cases/Custom Search Page/TEST CASE/TC_SEARCH_UI_006

2021-04-06 16:05:11 - [TEST_STEP][PASSED] - callTestCase(findTestCase("Custom Search Page/UTILITIES/OPEN BROWSER"), [:], STOP_ON_FAILURE): Call Test Case 'Test Cases/Custom Search Page/UTILITIES/OPEN BROWSER' successfully

2021-04-06 16:05:11 - [TEST_CASE][PASSED] - Test Cases/Custom Search Page/UTILITIES/OPEN BROWSER: Test Cases/Custom Search Page/UTILITIES/OPEN BROWSER

2021-04-06 16:05:11 - [TEST_STEP][PASSED] - openBrowser("https://gdasandbox.test-arcadier.com"): Browser is opened with url: 'https://gdasandbox.test-arcadier.com'

2021-04-06 16:05:11 - [MESSAGE][INFO] - Starting 'Chrome' driver

2021-04-06 16:05:11 - [MESSAGE][INFO] - Action delay is set to 0 milliseconds

2021-04-06 16:05:23 - [MESSAGE][PASSED] - Browser is opened with url: 'https://gdasandbox.test-arcadier.com'

2021-04-06 16:05:23 - [TEST_STEP][PASSED] - maximizeWindow(): Current window maximized

2021-04-06 16:05:23 - [MESSAGE][PASSED] - Current window maximized

2021-04-06 16:05:23 - [MESSAGE][PASSED] - Call Test Case 'Test Cases/Custom Search Page/UTILITIES/OPEN BROWSER' successfully

2021-04-06 16:05:23 - [TEST_STEP][PASSED] - waitForElementVisible(findTestObject("Search Objects/Page_diagnostics/input_Molecular diagnostic_btn-find"), 0): Object 'Object Repository/Search Objects/Page_diagnostics/input_Molecular diagnostic_btn-find' is visible

2021-04-06 16:05:23 - [MESSAGE][WARNING] - Timeout '0' is invalid. Using default page load timeout: '30'

2021-04-06 16:05:24 - [MESSAGE][PASSED] - Object 'Object Repository/Search Objects/Page_diagnostics/input_Molecular diagnostic_btn-find' is visible

2021-04-06 16:05:24 - [TEST_STEP][PASSED] - verifyElementClickable(findTestObject("Search Objects/Page_diagnostics/input_Molecular diagnostic_btn-find")): Object 'Object Repository/Search Objects/Page_diagnostics/input_Molecular diagnostic_btn-find' is clickable

2021-04-06 16:05:25 - [MESSAGE][PASSED] - Object 'Object Repository/Search Objects/Page_diagnostics/input_Molecular diagnostic_btn-find' is clickable

2021-04-06 16:05:25 - [TEST_STEP][PASSED] - click(findTestObject("Search Objects/Page_diagnostics/input_Molecular diagnostic_btn-find")): Object: 'Object Repository/Search Objects/Page_diagnostics/input_Molecular diagnostic_btn-find' is clicked on

2021-04-06 16:05:26 - [MESSAGE][PASSED] - Object: 'Object Repository/Search Objects/Page_diagnostics/input_Molecular diagnostic_btn-find' is clicked on

2021-04-06 16:05:26 - [TEST_STEP][PASSED] - waitForElementVisible(findTestObject("Search Objects/Page_diagnostics/div_filter-collection"), 0): Object 'Object Repository/Search Objects/Page_diagnostics/div_filter-collection' is visible

2021-04-06 16:05:27 - [MESSAGE][WARNING] - Timeout '0' is invalid. Using default page load timeout: '30'

2021-04-06 16:05:27 - [MESSAGE][PASSED] - Object 'Object Repository/Search Objects/Page_diagnostics/div_filter-collection' is visible

2021-04-06 16:05:27 - [TEST_STEP][PASSED] - callTestCase(findTestCase("Custom Search Page/UTILITIES/CLOSE BROWSER"), [:], STOP_ON_FAILURE): Call Test Case 'Test Cases/Custom Search Page/UTILITIES/CLOSE BROWSER' successfully

2021-04-06 16:05:28 - [TEST_CASE][PASSED] - Test Cases/Custom Search Page/UTILITIES/CLOSE BROWSER: Test Cases/Custom Search Page/UTILITIES/CLOSE BROWSER

2021-04-06 16:05:28 - [TEST_STEP][PASSED] - closeBrowser(): Browser is closed

2021-04-06 16:05:28 - [MESSAGE][PASSED] - Browser is closed

2021-04-06 16:05:28 - [MESSAGE][PASSED] - Call Test Case 'Test Cases/Custom Search Page/UTILITIES/CLOSE BROWSER' successfully]]></system-out>
         <system-err><![CDATA[]]></system-err>
      </testcase>
      <testcase name="Test Cases/Custom Search Page/TEST CASE/TC_SEARCH_UI_007" time="17.716" classname="Test Cases/Custom Search Page/TEST CASE/TC_SEARCH_UI_007" status="PASSED">
         <system-out><![CDATA[2021-04-06 16:05:28 - [TEST_CASE][PASSED] - Test Cases/Custom Search Page/TEST CASE/TC_SEARCH_UI_007: Test Cases/Custom Search Page/TEST CASE/TC_SEARCH_UI_007

2021-04-06 16:05:28 - [TEST_STEP][PASSED] - callTestCase(findTestCase("Custom Search Page/UTILITIES/OPEN BROWSER"), [:], STOP_ON_FAILURE): Call Test Case 'Test Cases/Custom Search Page/UTILITIES/OPEN BROWSER' successfully

2021-04-06 16:05:28 - [TEST_CASE][PASSED] - Test Cases/Custom Search Page/UTILITIES/OPEN BROWSER: Test Cases/Custom Search Page/UTILITIES/OPEN BROWSER

2021-04-06 16:05:28 - [TEST_STEP][PASSED] - openBrowser("https://gdasandbox.test-arcadier.com"): Browser is opened with url: 'https://gdasandbox.test-arcadier.com'

2021-04-06 16:05:28 - [MESSAGE][INFO] - Starting 'Chrome' driver

2021-04-06 16:05:28 - [MESSAGE][INFO] - Action delay is set to 0 milliseconds

2021-04-06 16:05:40 - [MESSAGE][PASSED] - Browser is opened with url: 'https://gdasandbox.test-arcadier.com'

2021-04-06 16:05:40 - [TEST_STEP][PASSED] - maximizeWindow(): Current window maximized

2021-04-06 16:05:40 - [MESSAGE][PASSED] - Current window maximized

2021-04-06 16:05:40 - [MESSAGE][PASSED] - Call Test Case 'Test Cases/Custom Search Page/UTILITIES/OPEN BROWSER' successfully

2021-04-06 16:05:40 - [TEST_STEP][PASSED] - waitForElementVisible(findTestObject("Search Objects/Page_diagnostics/input_Molecular diagnostic_btn-find"), 0): Object 'Object Repository/Search Objects/Page_diagnostics/input_Molecular diagnostic_btn-find' is visible

2021-04-06 16:05:41 - [MESSAGE][WARNING] - Timeout '0' is invalid. Using default page load timeout: '30'

2021-04-06 16:05:41 - [MESSAGE][PASSED] - Object 'Object Repository/Search Objects/Page_diagnostics/input_Molecular diagnostic_btn-find' is visible

2021-04-06 16:05:41 - [TEST_STEP][PASSED] - verifyElementClickable(findTestObject("Search Objects/Page_diagnostics/input_Molecular diagnostic_btn-find")): Object 'Object Repository/Search Objects/Page_diagnostics/input_Molecular diagnostic_btn-find' is clickable

2021-04-06 16:05:42 - [MESSAGE][PASSED] - Object 'Object Repository/Search Objects/Page_diagnostics/input_Molecular diagnostic_btn-find' is clickable

2021-04-06 16:05:42 - [TEST_STEP][PASSED] - click(findTestObject("Search Objects/Page_diagnostics/input_Molecular diagnostic_btn-find")): Object: 'Object Repository/Search Objects/Page_diagnostics/input_Molecular diagnostic_btn-find' is clicked on

2021-04-06 16:05:44 - [MESSAGE][PASSED] - Object: 'Object Repository/Search Objects/Page_diagnostics/input_Molecular diagnostic_btn-find' is clicked on

2021-04-06 16:05:44 - [TEST_STEP][PASSED] - waitForElementVisible(findTestObject("Search Objects/Page_diagnostics/item_sort"), 0): Object 'Object Repository/Search Objects/Page_diagnostics/item_sort' is visible

2021-04-06 16:05:44 - [MESSAGE][WARNING] - Timeout '0' is invalid. Using default page load timeout: '30'

2021-04-06 16:05:45 - [MESSAGE][PASSED] - Object 'Object Repository/Search Objects/Page_diagnostics/item_sort' is visible

2021-04-06 16:05:45 - [TEST_STEP][PASSED] - callTestCase(findTestCase("Custom Search Page/UTILITIES/CLOSE BROWSER"), [:], STOP_ON_FAILURE): Call Test Case 'Test Cases/Custom Search Page/UTILITIES/CLOSE BROWSER' successfully

2021-04-06 16:05:45 - [TEST_CASE][PASSED] - Test Cases/Custom Search Page/UTILITIES/CLOSE BROWSER: Test Cases/Custom Search Page/UTILITIES/CLOSE BROWSER

2021-04-06 16:05:45 - [TEST_STEP][PASSED] - closeBrowser(): Browser is closed

2021-04-06 16:05:46 - [MESSAGE][PASSED] - Browser is closed

2021-04-06 16:05:46 - [MESSAGE][PASSED] - Call Test Case 'Test Cases/Custom Search Page/UTILITIES/CLOSE BROWSER' successfully]]></system-out>
         <system-err><![CDATA[]]></system-err>
      </testcase>
      <testcase name="Test Cases/Custom Search Page/TEST CASE/TC_SEARCH_UI_008" time="18.997" classname="Test Cases/Custom Search Page/TEST CASE/TC_SEARCH_UI_008" status="PASSED">
         <system-out><![CDATA[2021-04-06 16:05:46 - [TEST_CASE][PASSED] - Test Cases/Custom Search Page/TEST CASE/TC_SEARCH_UI_008: Test Cases/Custom Search Page/TEST CASE/TC_SEARCH_UI_008

2021-04-06 16:05:46 - [TEST_STEP][PASSED] - callTestCase(findTestCase("Custom Search Page/UTILITIES/OPEN BROWSER"), [:], STOP_ON_FAILURE): Call Test Case 'Test Cases/Custom Search Page/UTILITIES/OPEN BROWSER' successfully

2021-04-06 16:05:46 - [TEST_CASE][PASSED] - Test Cases/Custom Search Page/UTILITIES/OPEN BROWSER: Test Cases/Custom Search Page/UTILITIES/OPEN BROWSER

2021-04-06 16:05:46 - [TEST_STEP][PASSED] - openBrowser("https://gdasandbox.test-arcadier.com"): Browser is opened with url: 'https://gdasandbox.test-arcadier.com'

2021-04-06 16:05:46 - [MESSAGE][INFO] - Starting 'Chrome' driver

2021-04-06 16:05:46 - [MESSAGE][INFO] - Action delay is set to 0 milliseconds

2021-04-06 16:05:59 - [MESSAGE][PASSED] - Browser is opened with url: 'https://gdasandbox.test-arcadier.com'

2021-04-06 16:05:59 - [TEST_STEP][PASSED] - maximizeWindow(): Current window maximized

2021-04-06 16:05:59 - [MESSAGE][PASSED] - Current window maximized

2021-04-06 16:05:59 - [MESSAGE][PASSED] - Call Test Case 'Test Cases/Custom Search Page/UTILITIES/OPEN BROWSER' successfully

2021-04-06 16:05:59 - [TEST_STEP][PASSED] - waitForElementVisible(findTestObject("Search Objects/Page_diagnostics/input_Molecular diagnostic_btn-find"), 0): Object 'Object Repository/Search Objects/Page_diagnostics/input_Molecular diagnostic_btn-find' is visible

2021-04-06 16:05:59 - [MESSAGE][WARNING] - Timeout '0' is invalid. Using default page load timeout: '30'

2021-04-06 16:06:01 - [MESSAGE][PASSED] - Object 'Object Repository/Search Objects/Page_diagnostics/input_Molecular diagnostic_btn-find' is visible

2021-04-06 16:06:01 - [TEST_STEP][PASSED] - verifyElementClickable(findTestObject("Search Objects/Page_diagnostics/input_Molecular diagnostic_btn-find")): Object 'Object Repository/Search Objects/Page_diagnostics/input_Molecular diagnostic_btn-find' is clickable

2021-04-06 16:06:01 - [MESSAGE][PASSED] - Object 'Object Repository/Search Objects/Page_diagnostics/input_Molecular diagnostic_btn-find' is clickable

2021-04-06 16:06:01 - [TEST_STEP][PASSED] - click(findTestObject("Search Objects/Page_diagnostics/input_Molecular diagnostic_btn-find")): Object: 'Object Repository/Search Objects/Page_diagnostics/input_Molecular diagnostic_btn-find' is clicked on

2021-04-06 16:06:03 - [MESSAGE][PASSED] - Object: 'Object Repository/Search Objects/Page_diagnostics/input_Molecular diagnostic_btn-find' is clicked on

2021-04-06 16:06:03 - [TEST_STEP][PASSED] - waitForElementVisible(findTestObject("Search Objects/Page_diagnostics/div_filter-actions_container"), 0): Object 'Object Repository/Search Objects/Page_diagnostics/div_filter-actions_container' is visible

2021-04-06 16:06:03 - [MESSAGE][WARNING] - Timeout '0' is invalid. Using default page load timeout: '30'

2021-04-06 16:06:04 - [MESSAGE][PASSED] - Object 'Object Repository/Search Objects/Page_diagnostics/div_filter-actions_container' is visible

2021-04-06 16:06:04 - [TEST_STEP][PASSED] - callTestCase(findTestCase("Custom Search Page/UTILITIES/CLOSE BROWSER"), [:], STOP_ON_FAILURE): Call Test Case 'Test Cases/Custom Search Page/UTILITIES/CLOSE BROWSER' successfully

2021-04-06 16:06:04 - [TEST_CASE][PASSED] - Test Cases/Custom Search Page/UTILITIES/CLOSE BROWSER: Test Cases/Custom Search Page/UTILITIES/CLOSE BROWSER

2021-04-06 16:06:04 - [TEST_STEP][PASSED] - closeBrowser(): Browser is closed

2021-04-06 16:06:05 - [MESSAGE][PASSED] - Browser is closed

2021-04-06 16:06:05 - [MESSAGE][PASSED] - Call Test Case 'Test Cases/Custom Search Page/UTILITIES/CLOSE BROWSER' successfully]]></system-out>
         <system-err><![CDATA[]]></system-err>
      </testcase>
      <testcase name="Test Cases/Custom Search Page/TEST CASE/TC_SEARCH_UI_009" time="18.323" classname="Test Cases/Custom Search Page/TEST CASE/TC_SEARCH_UI_009" status="PASSED">
         <system-out><![CDATA[2021-04-06 16:06:05 - [TEST_CASE][PASSED] - Test Cases/Custom Search Page/TEST CASE/TC_SEARCH_UI_009: Test Cases/Custom Search Page/TEST CASE/TC_SEARCH_UI_009

2021-04-06 16:06:05 - [TEST_STEP][PASSED] - callTestCase(findTestCase("Custom Search Page/UTILITIES/OPEN BROWSER"), [:], STOP_ON_FAILURE): Call Test Case 'Test Cases/Custom Search Page/UTILITIES/OPEN BROWSER' successfully

2021-04-06 16:06:05 - [TEST_CASE][PASSED] - Test Cases/Custom Search Page/UTILITIES/OPEN BROWSER: Test Cases/Custom Search Page/UTILITIES/OPEN BROWSER

2021-04-06 16:06:05 - [TEST_STEP][PASSED] - openBrowser("https://gdasandbox.test-arcadier.com"): Browser is opened with url: 'https://gdasandbox.test-arcadier.com'

2021-04-06 16:06:05 - [MESSAGE][INFO] - Starting 'Chrome' driver

2021-04-06 16:06:05 - [MESSAGE][INFO] - Action delay is set to 0 milliseconds

2021-04-06 16:06:18 - [MESSAGE][PASSED] - Browser is opened with url: 'https://gdasandbox.test-arcadier.com'

2021-04-06 16:06:18 - [TEST_STEP][PASSED] - maximizeWindow(): Current window maximized

2021-04-06 16:06:18 - [MESSAGE][PASSED] - Current window maximized

2021-04-06 16:06:18 - [MESSAGE][PASSED] - Call Test Case 'Test Cases/Custom Search Page/UTILITIES/OPEN BROWSER' successfully

2021-04-06 16:06:18 - [TEST_STEP][PASSED] - waitForElementVisible(findTestObject("Search Objects/Page_diagnostics/input_Molecular diagnostic_btn-find"), 0): Object 'Object Repository/Search Objects/Page_diagnostics/input_Molecular diagnostic_btn-find' is visible

2021-04-06 16:06:18 - [MESSAGE][WARNING] - Timeout '0' is invalid. Using default page load timeout: '30'

2021-04-06 16:06:18 - [MESSAGE][PASSED] - Object 'Object Repository/Search Objects/Page_diagnostics/input_Molecular diagnostic_btn-find' is visible

2021-04-06 16:06:18 - [TEST_STEP][PASSED] - verifyElementClickable(findTestObject("Search Objects/Page_diagnostics/input_Molecular diagnostic_btn-find")): Object 'Object Repository/Search Objects/Page_diagnostics/input_Molecular diagnostic_btn-find' is clickable

2021-04-06 16:06:19 - [MESSAGE][PASSED] - Object 'Object Repository/Search Objects/Page_diagnostics/input_Molecular diagnostic_btn-find' is clickable

2021-04-06 16:06:19 - [TEST_STEP][PASSED] - click(findTestObject("Search Objects/Page_diagnostics/input_Molecular diagnostic_btn-find")): Object: 'Object Repository/Search Objects/Page_diagnostics/input_Molecular diagnostic_btn-find' is clicked on

2021-04-06 16:06:22 - [MESSAGE][PASSED] - Object: 'Object Repository/Search Objects/Page_diagnostics/input_Molecular diagnostic_btn-find' is clicked on

2021-04-06 16:06:22 - [TEST_STEP][PASSED] - waitForElementVisible(findTestObject("Search Objects/Page_diagnostics/btn_Reset"), 0): Object 'Object Repository/Search Objects/Page_diagnostics/btn_Reset' is visible

2021-04-06 16:06:22 - [MESSAGE][WARNING] - Timeout '0' is invalid. Using default page load timeout: '30'

2021-04-06 16:06:23 - [MESSAGE][PASSED] - Object 'Object Repository/Search Objects/Page_diagnostics/btn_Reset' is visible

2021-04-06 16:06:23 - [TEST_STEP][PASSED] - callTestCase(findTestCase("Custom Search Page/UTILITIES/CLOSE BROWSER"), [:], STOP_ON_FAILURE): Call Test Case 'Test Cases/Custom Search Page/UTILITIES/CLOSE BROWSER' successfully

2021-04-06 16:06:23 - [TEST_CASE][PASSED] - Test Cases/Custom Search Page/UTILITIES/CLOSE BROWSER: Test Cases/Custom Search Page/UTILITIES/CLOSE BROWSER

2021-04-06 16:06:23 - [TEST_STEP][PASSED] - closeBrowser(): Browser is closed

2021-04-06 16:06:23 - [MESSAGE][PASSED] - Browser is closed

2021-04-06 16:06:23 - [MESSAGE][PASSED] - Call Test Case 'Test Cases/Custom Search Page/UTILITIES/CLOSE BROWSER' successfully]]></system-out>
         <system-err><![CDATA[]]></system-err>
      </testcase>
      <testcase name="Test Cases/Custom Search Page/TEST CASE/TC_SEARCH_UI_010" time="19.601" classname="Test Cases/Custom Search Page/TEST CASE/TC_SEARCH_UI_010" status="PASSED">
         <system-out><![CDATA[2021-04-06 16:06:23 - [TEST_CASE][PASSED] - Test Cases/Custom Search Page/TEST CASE/TC_SEARCH_UI_010: Test Cases/Custom Search Page/TEST CASE/TC_SEARCH_UI_010

2021-04-06 16:06:23 - [TEST_STEP][PASSED] - callTestCase(findTestCase("Custom Search Page/UTILITIES/OPEN BROWSER"), [:], STOP_ON_FAILURE): Call Test Case 'Test Cases/Custom Search Page/UTILITIES/OPEN BROWSER' successfully

2021-04-06 16:06:23 - [TEST_CASE][PASSED] - Test Cases/Custom Search Page/UTILITIES/OPEN BROWSER: Test Cases/Custom Search Page/UTILITIES/OPEN BROWSER

2021-04-06 16:06:23 - [TEST_STEP][PASSED] - openBrowser("https://gdasandbox.test-arcadier.com"): Browser is opened with url: 'https://gdasandbox.test-arcadier.com'

2021-04-06 16:06:23 - [MESSAGE][INFO] - Starting 'Chrome' driver

2021-04-06 16:06:23 - [MESSAGE][INFO] - Action delay is set to 0 milliseconds

2021-04-06 16:06:35 - [MESSAGE][PASSED] - Browser is opened with url: 'https://gdasandbox.test-arcadier.com'

2021-04-06 16:06:35 - [TEST_STEP][PASSED] - maximizeWindow(): Current window maximized

2021-04-06 16:06:35 - [MESSAGE][PASSED] - Current window maximized

2021-04-06 16:06:35 - [MESSAGE][PASSED] - Call Test Case 'Test Cases/Custom Search Page/UTILITIES/OPEN BROWSER' successfully

2021-04-06 16:06:35 - [TEST_STEP][PASSED] - waitForElementVisible(findTestObject("Search Objects/Page_diagnostics/input_Molecular diagnostic_btn-find"), 0): Object 'Object Repository/Search Objects/Page_diagnostics/input_Molecular diagnostic_btn-find' is visible

2021-04-06 16:06:35 - [MESSAGE][WARNING] - Timeout '0' is invalid. Using default page load timeout: '30'

2021-04-06 16:06:37 - [MESSAGE][PASSED] - Object 'Object Repository/Search Objects/Page_diagnostics/input_Molecular diagnostic_btn-find' is visible

2021-04-06 16:06:37 - [TEST_STEP][PASSED] - verifyElementClickable(findTestObject("Search Objects/Page_diagnostics/input_Molecular diagnostic_btn-find")): Object 'Object Repository/Search Objects/Page_diagnostics/input_Molecular diagnostic_btn-find' is clickable

2021-04-06 16:06:38 - [MESSAGE][PASSED] - Object 'Object Repository/Search Objects/Page_diagnostics/input_Molecular diagnostic_btn-find' is clickable

2021-04-06 16:06:38 - [TEST_STEP][PASSED] - click(findTestObject("Search Objects/Page_diagnostics/input_Molecular diagnostic_btn-find")): Object: 'Object Repository/Search Objects/Page_diagnostics/input_Molecular diagnostic_btn-find' is clicked on

2021-04-06 16:06:41 - [MESSAGE][PASSED] - Object: 'Object Repository/Search Objects/Page_diagnostics/input_Molecular diagnostic_btn-find' is clicked on

2021-04-06 16:06:41 - [TEST_STEP][PASSED] - waitForElementVisible(findTestObject("Search Objects/Page_diagnostics/btn_Apply-filter"), 0): Object 'Object Repository/Search Objects/Page_diagnostics/btn_Apply-filter' is visible

2021-04-06 16:06:41 - [MESSAGE][WARNING] - Timeout '0' is invalid. Using default page load timeout: '30'

2021-04-06 16:06:42 - [MESSAGE][PASSED] - Object 'Object Repository/Search Objects/Page_diagnostics/btn_Apply-filter' is visible

2021-04-06 16:06:42 - [TEST_STEP][PASSED] - callTestCase(findTestCase("Custom Search Page/UTILITIES/CLOSE BROWSER"), [:], STOP_ON_FAILURE): Call Test Case 'Test Cases/Custom Search Page/UTILITIES/CLOSE BROWSER' successfully

2021-04-06 16:06:42 - [TEST_CASE][PASSED] - Test Cases/Custom Search Page/UTILITIES/CLOSE BROWSER: Test Cases/Custom Search Page/UTILITIES/CLOSE BROWSER

2021-04-06 16:06:42 - [TEST_STEP][PASSED] - closeBrowser(): Browser is closed

2021-04-06 16:06:43 - [MESSAGE][PASSED] - Browser is closed

2021-04-06 16:06:43 - [MESSAGE][PASSED] - Call Test Case 'Test Cases/Custom Search Page/UTILITIES/CLOSE BROWSER' successfully]]></system-out>
         <system-err><![CDATA[]]></system-err>
      </testcase>
      <testcase name="Test Cases/Custom Search Page/TEST CASE/TC_SEARCH_UI_011" time="41.925" classname="Test Cases/Custom Search Page/TEST CASE/TC_SEARCH_UI_011" status="PASSED">
         <system-out><![CDATA[2021-04-06 16:06:43 - [TEST_CASE][PASSED] - Test Cases/Custom Search Page/TEST CASE/TC_SEARCH_UI_011: Test Cases/Custom Search Page/TEST CASE/TC_SEARCH_UI_011

2021-04-06 16:06:43 - [TEST_STEP][PASSED] - callTestCase(findTestCase("Custom Search Page/UTILITIES/OPEN BROWSER"), [:], STOP_ON_FAILURE): Call Test Case 'Test Cases/Custom Search Page/UTILITIES/OPEN BROWSER' successfully

2021-04-06 16:06:43 - [TEST_CASE][PASSED] - Test Cases/Custom Search Page/UTILITIES/OPEN BROWSER: Test Cases/Custom Search Page/UTILITIES/OPEN BROWSER

2021-04-06 16:06:43 - [TEST_STEP][PASSED] - openBrowser("https://gdasandbox.test-arcadier.com"): Browser is opened with url: 'https://gdasandbox.test-arcadier.com'

2021-04-06 16:06:43 - [MESSAGE][INFO] - Starting 'Chrome' driver

2021-04-06 16:06:43 - [MESSAGE][INFO] - Action delay is set to 0 milliseconds

2021-04-06 16:06:55 - [MESSAGE][PASSED] - Browser is opened with url: 'https://gdasandbox.test-arcadier.com'

2021-04-06 16:06:55 - [TEST_STEP][PASSED] - maximizeWindow(): Current window maximized

2021-04-06 16:06:55 - [MESSAGE][PASSED] - Current window maximized

2021-04-06 16:06:55 - [MESSAGE][PASSED] - Call Test Case 'Test Cases/Custom Search Page/UTILITIES/OPEN BROWSER' successfully

2021-04-06 16:06:55 - [TEST_STEP][PASSED] - waitForElementVisible(findTestObject("Search Objects/Page_diagnostics/input_Molecular diagnostic_btn-find"), 0): Object 'Object Repository/Search Objects/Page_diagnostics/input_Molecular diagnostic_btn-find' is visible

2021-04-06 16:06:55 - [MESSAGE][WARNING] - Timeout '0' is invalid. Using default page load timeout: '30'

2021-04-06 16:06:56 - [MESSAGE][PASSED] - Object 'Object Repository/Search Objects/Page_diagnostics/input_Molecular diagnostic_btn-find' is visible

2021-04-06 16:06:56 - [TEST_STEP][PASSED] - verifyElementClickable(findTestObject("Search Objects/Page_diagnostics/input_Molecular diagnostic_btn-find")): Object 'Object Repository/Search Objects/Page_diagnostics/input_Molecular diagnostic_btn-find' is clickable

2021-04-06 16:07:21 - [MESSAGE][PASSED] - Object 'Object Repository/Search Objects/Page_diagnostics/input_Molecular diagnostic_btn-find' is clickable

2021-04-06 16:07:21 - [TEST_STEP][PASSED] - click(findTestObject("Search Objects/Page_diagnostics/input_Molecular diagnostic_btn-find")): Object: 'Object Repository/Search Objects/Page_diagnostics/input_Molecular diagnostic_btn-find' is clicked on

2021-04-06 16:07:23 - [MESSAGE][PASSED] - Object: 'Object Repository/Search Objects/Page_diagnostics/input_Molecular diagnostic_btn-find' is clicked on

2021-04-06 16:07:23 - [TEST_STEP][PASSED] - waitForElementVisible(findTestObject("Search Objects/Page_diagnostics/div_Filter_tag"), 0): Object 'Object Repository/Search Objects/Page_diagnostics/div_Filter_tag' is visible

2021-04-06 16:07:23 - [MESSAGE][WARNING] - Timeout '0' is invalid. Using default page load timeout: '30'

2021-04-06 16:07:24 - [MESSAGE][PASSED] - Object 'Object Repository/Search Objects/Page_diagnostics/div_Filter_tag' is visible

2021-04-06 16:07:24 - [TEST_STEP][PASSED] - callTestCase(findTestCase("Custom Search Page/UTILITIES/CLOSE BROWSER"), [:], STOP_ON_FAILURE): Call Test Case 'Test Cases/Custom Search Page/UTILITIES/CLOSE BROWSER' successfully

2021-04-06 16:07:24 - [TEST_CASE][PASSED] - Test Cases/Custom Search Page/UTILITIES/CLOSE BROWSER: Test Cases/Custom Search Page/UTILITIES/CLOSE BROWSER

2021-04-06 16:07:24 - [TEST_STEP][PASSED] - closeBrowser(): Browser is closed

2021-04-06 16:07:25 - [MESSAGE][PASSED] - Browser is closed

2021-04-06 16:07:25 - [MESSAGE][PASSED] - Call Test Case 'Test Cases/Custom Search Page/UTILITIES/CLOSE BROWSER' successfully]]></system-out>
         <system-err><![CDATA[]]></system-err>
      </testcase>
      <testcase name="Test Cases/Custom Search Page/TEST CASE/TC_SEARCH_UI_012" time="18.274" classname="Test Cases/Custom Search Page/TEST CASE/TC_SEARCH_UI_012" status="PASSED">
         <system-out><![CDATA[2021-04-06 16:07:25 - [TEST_CASE][PASSED] - Test Cases/Custom Search Page/TEST CASE/TC_SEARCH_UI_012: Test Cases/Custom Search Page/TEST CASE/TC_SEARCH_UI_012

2021-04-06 16:07:25 - [TEST_STEP][PASSED] - callTestCase(findTestCase("Custom Search Page/UTILITIES/OPEN BROWSER"), [:], STOP_ON_FAILURE): Call Test Case 'Test Cases/Custom Search Page/UTILITIES/OPEN BROWSER' successfully

2021-04-06 16:07:25 - [TEST_CASE][PASSED] - Test Cases/Custom Search Page/UTILITIES/OPEN BROWSER: Test Cases/Custom Search Page/UTILITIES/OPEN BROWSER

2021-04-06 16:07:25 - [TEST_STEP][PASSED] - openBrowser("https://gdasandbox.test-arcadier.com"): Browser is opened with url: 'https://gdasandbox.test-arcadier.com'

2021-04-06 16:07:25 - [MESSAGE][INFO] - Starting 'Chrome' driver

2021-04-06 16:07:25 - [MESSAGE][INFO] - Action delay is set to 0 milliseconds

2021-04-06 16:07:37 - [MESSAGE][PASSED] - Browser is opened with url: 'https://gdasandbox.test-arcadier.com'

2021-04-06 16:07:37 - [TEST_STEP][PASSED] - maximizeWindow(): Current window maximized

2021-04-06 16:07:37 - [MESSAGE][PASSED] - Current window maximized

2021-04-06 16:07:37 - [MESSAGE][PASSED] - Call Test Case 'Test Cases/Custom Search Page/UTILITIES/OPEN BROWSER' successfully

2021-04-06 16:07:37 - [TEST_STEP][PASSED] - waitForElementVisible(findTestObject("Search Objects/Page_diagnostics/input_Molecular diagnostic_btn-find"), 0): Object 'Object Repository/Search Objects/Page_diagnostics/input_Molecular diagnostic_btn-find' is visible

2021-04-06 16:07:37 - [MESSAGE][WARNING] - Timeout '0' is invalid. Using default page load timeout: '30'

2021-04-06 16:07:39 - [MESSAGE][PASSED] - Object 'Object Repository/Search Objects/Page_diagnostics/input_Molecular diagnostic_btn-find' is visible

2021-04-06 16:07:39 - [TEST_STEP][PASSED] - verifyElementClickable(findTestObject("Search Objects/Page_diagnostics/input_Molecular diagnostic_btn-find")): Object 'Object Repository/Search Objects/Page_diagnostics/input_Molecular diagnostic_btn-find' is clickable

2021-04-06 16:07:40 - [MESSAGE][PASSED] - Object 'Object Repository/Search Objects/Page_diagnostics/input_Molecular diagnostic_btn-find' is clickable

2021-04-06 16:07:40 - [TEST_STEP][PASSED] - click(findTestObject("Search Objects/Page_diagnostics/input_Molecular diagnostic_btn-find")): Object: 'Object Repository/Search Objects/Page_diagnostics/input_Molecular diagnostic_btn-find' is clicked on

2021-04-06 16:07:41 - [MESSAGE][PASSED] - Object: 'Object Repository/Search Objects/Page_diagnostics/input_Molecular diagnostic_btn-find' is clicked on

2021-04-06 16:07:41 - [TEST_STEP][PASSED] - waitForElementVisible(findTestObject("Search Objects/Page_diagnostics/div_Categories_container"), 0): Object 'Object Repository/Search Objects/Page_diagnostics/div_Categories_container' is visible

2021-04-06 16:07:41 - [MESSAGE][WARNING] - Timeout '0' is invalid. Using default page load timeout: '30'

2021-04-06 16:07:42 - [MESSAGE][PASSED] - Object 'Object Repository/Search Objects/Page_diagnostics/div_Categories_container' is visible

2021-04-06 16:07:42 - [TEST_STEP][PASSED] - callTestCase(findTestCase("Custom Search Page/UTILITIES/CLOSE BROWSER"), [:], STOP_ON_FAILURE): Call Test Case 'Test Cases/Custom Search Page/UTILITIES/CLOSE BROWSER' successfully

2021-04-06 16:07:42 - [TEST_CASE][PASSED] - Test Cases/Custom Search Page/UTILITIES/CLOSE BROWSER: Test Cases/Custom Search Page/UTILITIES/CLOSE BROWSER

2021-04-06 16:07:42 - [TEST_STEP][PASSED] - closeBrowser(): Browser is closed

2021-04-06 16:07:43 - [MESSAGE][PASSED] - Browser is closed

2021-04-06 16:07:43 - [MESSAGE][PASSED] - Call Test Case 'Test Cases/Custom Search Page/UTILITIES/CLOSE BROWSER' successfully]]></system-out>
         <system-err><![CDATA[]]></system-err>
      </testcase>
      <testcase name="Test Cases/Custom Search Page/TEST CASE/TC_SEARCH_UI_013" time="17.944" classname="Test Cases/Custom Search Page/TEST CASE/TC_SEARCH_UI_013" status="PASSED">
         <system-out><![CDATA[2021-04-06 16:07:43 - [TEST_CASE][PASSED] - Test Cases/Custom Search Page/TEST CASE/TC_SEARCH_UI_013: Test Cases/Custom Search Page/TEST CASE/TC_SEARCH_UI_013

2021-04-06 16:07:43 - [TEST_STEP][PASSED] - callTestCase(findTestCase("Custom Search Page/UTILITIES/OPEN BROWSER"), [:], STOP_ON_FAILURE): Call Test Case 'Test Cases/Custom Search Page/UTILITIES/OPEN BROWSER' successfully

2021-04-06 16:07:43 - [TEST_CASE][PASSED] - Test Cases/Custom Search Page/UTILITIES/OPEN BROWSER: Test Cases/Custom Search Page/UTILITIES/OPEN BROWSER

2021-04-06 16:07:43 - [TEST_STEP][PASSED] - openBrowser("https://gdasandbox.test-arcadier.com"): Browser is opened with url: 'https://gdasandbox.test-arcadier.com'

2021-04-06 16:07:43 - [MESSAGE][INFO] - Starting 'Chrome' driver

2021-04-06 16:07:43 - [MESSAGE][INFO] - Action delay is set to 0 milliseconds

2021-04-06 16:07:55 - [MESSAGE][PASSED] - Browser is opened with url: 'https://gdasandbox.test-arcadier.com'

2021-04-06 16:07:55 - [TEST_STEP][PASSED] - maximizeWindow(): Current window maximized

2021-04-06 16:07:56 - [MESSAGE][PASSED] - Current window maximized

2021-04-06 16:07:56 - [MESSAGE][PASSED] - Call Test Case 'Test Cases/Custom Search Page/UTILITIES/OPEN BROWSER' successfully

2021-04-06 16:07:56 - [TEST_STEP][PASSED] - waitForElementVisible(findTestObject("Search Objects/Page_diagnostics/input_Molecular diagnostic_btn-find"), 0): Object 'Object Repository/Search Objects/Page_diagnostics/input_Molecular diagnostic_btn-find' is visible

2021-04-06 16:07:56 - [MESSAGE][WARNING] - Timeout '0' is invalid. Using default page load timeout: '30'

2021-04-06 16:07:56 - [MESSAGE][PASSED] - Object 'Object Repository/Search Objects/Page_diagnostics/input_Molecular diagnostic_btn-find' is visible

2021-04-06 16:07:56 - [TEST_STEP][PASSED] - verifyElementClickable(findTestObject("Search Objects/Page_diagnostics/input_Molecular diagnostic_btn-find")): Object 'Object Repository/Search Objects/Page_diagnostics/input_Molecular diagnostic_btn-find' is clickable

2021-04-06 16:07:57 - [MESSAGE][PASSED] - Object 'Object Repository/Search Objects/Page_diagnostics/input_Molecular diagnostic_btn-find' is clickable

2021-04-06 16:07:57 - [TEST_STEP][PASSED] - click(findTestObject("Search Objects/Page_diagnostics/input_Molecular diagnostic_btn-find")): Object: 'Object Repository/Search Objects/Page_diagnostics/input_Molecular diagnostic_btn-find' is clicked on

2021-04-06 16:07:59 - [MESSAGE][PASSED] - Object: 'Object Repository/Search Objects/Page_diagnostics/input_Molecular diagnostic_btn-find' is clicked on

2021-04-06 16:07:59 - [TEST_STEP][PASSED] - waitForElementVisible(findTestObject("Search Objects/Page_diagnostics/btn_catergory"), 0): Object 'Object Repository/Search Objects/Page_diagnostics/btn_catergory' is visible

2021-04-06 16:07:59 - [MESSAGE][WARNING] - Timeout '0' is invalid. Using default page load timeout: '30'

2021-04-06 16:08:00 - [MESSAGE][PASSED] - Object 'Object Repository/Search Objects/Page_diagnostics/btn_catergory' is visible

2021-04-06 16:08:00 - [TEST_STEP][PASSED] - callTestCase(findTestCase("Custom Search Page/UTILITIES/CLOSE BROWSER"), [:], STOP_ON_FAILURE): Call Test Case 'Test Cases/Custom Search Page/UTILITIES/CLOSE BROWSER' successfully

2021-04-06 16:08:00 - [TEST_CASE][PASSED] - Test Cases/Custom Search Page/UTILITIES/CLOSE BROWSER: Test Cases/Custom Search Page/UTILITIES/CLOSE BROWSER

2021-04-06 16:08:00 - [TEST_STEP][PASSED] - closeBrowser(): Browser is closed

2021-04-06 16:08:01 - [MESSAGE][PASSED] - Browser is closed

2021-04-06 16:08:01 - [MESSAGE][PASSED] - Call Test Case 'Test Cases/Custom Search Page/UTILITIES/CLOSE BROWSER' successfully]]></system-out>
         <system-err><![CDATA[]]></system-err>
      </testcase>
      <testcase name="Test Cases/Custom Search Page/TEST CASE/TC_SEARCH_UI_014" time="18.653" classname="Test Cases/Custom Search Page/TEST CASE/TC_SEARCH_UI_014" status="PASSED">
         <system-out><![CDATA[2021-04-06 16:08:01 - [TEST_CASE][PASSED] - Test Cases/Custom Search Page/TEST CASE/TC_SEARCH_UI_014: Test Cases/Custom Search Page/TEST CASE/TC_SEARCH_UI_014

2021-04-06 16:08:01 - [TEST_STEP][PASSED] - callTestCase(findTestCase("Custom Search Page/UTILITIES/OPEN BROWSER"), [:], STOP_ON_FAILURE): Call Test Case 'Test Cases/Custom Search Page/UTILITIES/OPEN BROWSER' successfully

2021-04-06 16:08:01 - [TEST_CASE][PASSED] - Test Cases/Custom Search Page/UTILITIES/OPEN BROWSER: Test Cases/Custom Search Page/UTILITIES/OPEN BROWSER

2021-04-06 16:08:01 - [TEST_STEP][PASSED] - openBrowser("https://gdasandbox.test-arcadier.com"): Browser is opened with url: 'https://gdasandbox.test-arcadier.com'

2021-04-06 16:08:01 - [MESSAGE][INFO] - Starting 'Chrome' driver

2021-04-06 16:08:01 - [MESSAGE][INFO] - Action delay is set to 0 milliseconds

2021-04-06 16:08:14 - [MESSAGE][PASSED] - Browser is opened with url: 'https://gdasandbox.test-arcadier.com'

2021-04-06 16:08:14 - [TEST_STEP][PASSED] - maximizeWindow(): Current window maximized

2021-04-06 16:08:14 - [MESSAGE][PASSED] - Current window maximized

2021-04-06 16:08:14 - [MESSAGE][PASSED] - Call Test Case 'Test Cases/Custom Search Page/UTILITIES/OPEN BROWSER' successfully

2021-04-06 16:08:14 - [TEST_STEP][PASSED] - waitForElementVisible(findTestObject("Search Objects/Page_diagnostics/input_Molecular diagnostic_btn-find"), 0): Object 'Object Repository/Search Objects/Page_diagnostics/input_Molecular diagnostic_btn-find' is visible

2021-04-06 16:08:14 - [MESSAGE][WARNING] - Timeout '0' is invalid. Using default page load timeout: '30'

2021-04-06 16:08:14 - [MESSAGE][PASSED] - Object 'Object Repository/Search Objects/Page_diagnostics/input_Molecular diagnostic_btn-find' is visible

2021-04-06 16:08:14 - [TEST_STEP][PASSED] - verifyElementClickable(findTestObject("Search Objects/Page_diagnostics/input_Molecular diagnostic_btn-find")): Object 'Object Repository/Search Objects/Page_diagnostics/input_Molecular diagnostic_btn-find' is clickable

2021-04-06 16:08:15 - [MESSAGE][PASSED] - Object 'Object Repository/Search Objects/Page_diagnostics/input_Molecular diagnostic_btn-find' is clickable

2021-04-06 16:08:15 - [TEST_STEP][PASSED] - click(findTestObject("Search Objects/Page_diagnostics/input_Molecular diagnostic_btn-find")): Object: 'Object Repository/Search Objects/Page_diagnostics/input_Molecular diagnostic_btn-find' is clicked on

2021-04-06 16:08:18 - [MESSAGE][PASSED] - Object: 'Object Repository/Search Objects/Page_diagnostics/input_Molecular diagnostic_btn-find' is clicked on

2021-04-06 16:08:18 - [TEST_STEP][PASSED] - waitForElementVisible(findTestObject("Search Objects/Page_diagnostics/btn_catergory"), 0): Object 'Object Repository/Search Objects/Page_diagnostics/btn_catergory' is visible

2021-04-06 16:08:18 - [MESSAGE][WARNING] - Timeout '0' is invalid. Using default page load timeout: '30'

2021-04-06 16:08:19 - [MESSAGE][PASSED] - Object 'Object Repository/Search Objects/Page_diagnostics/btn_catergory' is visible

2021-04-06 16:08:19 - [TEST_STEP][PASSED] - callTestCase(findTestCase("Custom Search Page/UTILITIES/CLOSE BROWSER"), [:], STOP_ON_FAILURE): Call Test Case 'Test Cases/Custom Search Page/UTILITIES/CLOSE BROWSER' successfully

2021-04-06 16:08:19 - [TEST_CASE][PASSED] - Test Cases/Custom Search Page/UTILITIES/CLOSE BROWSER: Test Cases/Custom Search Page/UTILITIES/CLOSE BROWSER

2021-04-06 16:08:19 - [TEST_STEP][PASSED] - closeBrowser(): Browser is closed

2021-04-06 16:08:20 - [MESSAGE][PASSED] - Browser is closed

2021-04-06 16:08:20 - [MESSAGE][PASSED] - Call Test Case 'Test Cases/Custom Search Page/UTILITIES/CLOSE BROWSER' successfully]]></system-out>
         <system-err><![CDATA[]]></system-err>
      </testcase>
      <testcase name="Test Cases/Custom Search Page/TEST CASE/TC_SEARCH_UI_015" time="18.544" classname="Test Cases/Custom Search Page/TEST CASE/TC_SEARCH_UI_015" status="PASSED">
         <system-out><![CDATA[2021-04-06 16:08:20 - [TEST_CASE][PASSED] - Test Cases/Custom Search Page/TEST CASE/TC_SEARCH_UI_015: Test Cases/Custom Search Page/TEST CASE/TC_SEARCH_UI_015

2021-04-06 16:08:20 - [TEST_STEP][PASSED] - callTestCase(findTestCase("Custom Search Page/UTILITIES/OPEN BROWSER"), [:], STOP_ON_FAILURE): Call Test Case 'Test Cases/Custom Search Page/UTILITIES/OPEN BROWSER' successfully

2021-04-06 16:08:20 - [TEST_CASE][PASSED] - Test Cases/Custom Search Page/UTILITIES/OPEN BROWSER: Test Cases/Custom Search Page/UTILITIES/OPEN BROWSER

2021-04-06 16:08:20 - [TEST_STEP][PASSED] - openBrowser("https://gdasandbox.test-arcadier.com"): Browser is opened with url: 'https://gdasandbox.test-arcadier.com'

2021-04-06 16:08:20 - [MESSAGE][INFO] - Starting 'Chrome' driver

2021-04-06 16:08:20 - [MESSAGE][INFO] - Action delay is set to 0 milliseconds

2021-04-06 16:08:32 - [MESSAGE][PASSED] - Browser is opened with url: 'https://gdasandbox.test-arcadier.com'

2021-04-06 16:08:32 - [TEST_STEP][PASSED] - maximizeWindow(): Current window maximized

2021-04-06 16:08:32 - [MESSAGE][PASSED] - Current window maximized

2021-04-06 16:08:32 - [MESSAGE][PASSED] - Call Test Case 'Test Cases/Custom Search Page/UTILITIES/OPEN BROWSER' successfully

2021-04-06 16:08:32 - [TEST_STEP][PASSED] - waitForElementVisible(findTestObject("Search Objects/Page_diagnostics/input_Molecular diagnostic_btn-find"), 0): Object 'Object Repository/Search Objects/Page_diagnostics/input_Molecular diagnostic_btn-find' is visible

2021-04-06 16:08:32 - [MESSAGE][WARNING] - Timeout '0' is invalid. Using default page load timeout: '30'

2021-04-06 16:08:33 - [MESSAGE][PASSED] - Object 'Object Repository/Search Objects/Page_diagnostics/input_Molecular diagnostic_btn-find' is visible

2021-04-06 16:08:33 - [TEST_STEP][PASSED] - verifyElementClickable(findTestObject("Search Objects/Page_diagnostics/input_Molecular diagnostic_btn-find")): Object 'Object Repository/Search Objects/Page_diagnostics/input_Molecular diagnostic_btn-find' is clickable

2021-04-06 16:08:34 - [MESSAGE][PASSED] - Object 'Object Repository/Search Objects/Page_diagnostics/input_Molecular diagnostic_btn-find' is clickable

2021-04-06 16:08:34 - [TEST_STEP][PASSED] - setText(findTestObject("Search Objects/Page_diagnostics/input.Keywords-filter"), "COVID19"): Text 'COVID19' is set on object 'Object Repository/Search Objects/Page_diagnostics/input.Keywords-filter'

2021-04-06 16:08:35 - [MESSAGE][PASSED] - Text 'COVID19' is set on object 'Object Repository/Search Objects/Page_diagnostics/input.Keywords-filter'

2021-04-06 16:08:35 - [TEST_STEP][PASSED] - click(findTestObject("Search Objects/Page_diagnostics/input_Molecular diagnostic_btn-find")): Object: 'Object Repository/Search Objects/Page_diagnostics/input_Molecular diagnostic_btn-find' is clicked on

2021-04-06 16:08:36 - [MESSAGE][PASSED] - Object: 'Object Repository/Search Objects/Page_diagnostics/input_Molecular diagnostic_btn-find' is clicked on

2021-04-06 16:08:36 - [TEST_STEP][PASSED] - waitForElementVisible(findTestObject("Search Objects/Page_diagnostics/span_Result"), 0): Object 'Object Repository/Search Objects/Page_diagnostics/span_Result' is visible

2021-04-06 16:08:36 - [MESSAGE][WARNING] - Timeout '0' is invalid. Using default page load timeout: '30'

2021-04-06 16:08:37 - [MESSAGE][PASSED] - Object 'Object Repository/Search Objects/Page_diagnostics/span_Result' is visible

2021-04-06 16:08:37 - [TEST_STEP][PASSED] - verifyElementText(findTestObject("Search Objects/Page_diagnostics/span_Result"), "COVID19"): Actual text and expected text of test object 'Object Repository/Search Objects/Page_diagnostics/span_Result' are matched.

2021-04-06 16:08:37 - [MESSAGE][PASSED] - Actual text and expected text of test object 'Object Repository/Search Objects/Page_diagnostics/span_Result' are matched.

2021-04-06 16:08:37 - [TEST_STEP][PASSED] - callTestCase(findTestCase("Custom Search Page/UTILITIES/CLOSE BROWSER"), [:], STOP_ON_FAILURE): Call Test Case 'Test Cases/Custom Search Page/UTILITIES/CLOSE BROWSER' successfully

2021-04-06 16:08:38 - [TEST_CASE][PASSED] - Test Cases/Custom Search Page/UTILITIES/CLOSE BROWSER: Test Cases/Custom Search Page/UTILITIES/CLOSE BROWSER

2021-04-06 16:08:38 - [TEST_STEP][PASSED] - closeBrowser(): Browser is closed

2021-04-06 16:08:38 - [MESSAGE][PASSED] - Browser is closed

2021-04-06 16:08:38 - [MESSAGE][PASSED] - Call Test Case 'Test Cases/Custom Search Page/UTILITIES/CLOSE BROWSER' successfully]]></system-out>
         <system-err><![CDATA[]]></system-err>
      </testcase>
      <system-out><![CDATA[2021-04-06 16:03:40 - [TEST_SUITE][PASSED] - search result page: Test Cases/Custom Search Page/TEST CASE/TC_SEARCH_UI_015]]></system-out>
      <system-err><![CDATA[]]></system-err>
   </testsuite>
</testsuites>
